<?xml version="1.0" encoding="UTF-8"?><testsuite errors="0" failures="0" name="com.localhost.playgroundInfo.ProductsCRUDTest" skipped="0" tests="4" time="0.52" timestamp="2022-06-06T12:40:46.612+01:00[Europe/London]"><testcase classname="com.localhost.playgroundInfo.ProductsCRUDTest" name="This will create a New product"/><testcase classname="com.localhost.playgroundInfo.ProductsCRUDTest" name="Verify if the Product was added to the application"/><testcase classname="com.localhost.playgroundInfo.ProductsCRUDTest" name="Update the product information"/><testcase classname="com.localhost.playgroundInfo.ProductsCRUDTest" name="Delete the product by ID"/></testsuite>